GET /products at time 16:43:54 GMT+0530 (India Standard Time)
GET /useres at time 16:44:48 GMT+0530 (India Standard Time)
GET /users at time 16:44:53 GMT+0530 (India Standard Time)
GET / at time 17:19:34 GMT+0530 (India Standard Time)
GET / at time 17:20:41 GMT+0530 (India Standard Time)
GET / at time 17:20:58 GMT+0530 (India Standard Time)
GET / at time 17:21:00 GMT+0530 (India Standard Time)
GET / at time 17:21:16 GMT+0530 (India Standard Time)
GET / at time 17:21:17 GMT+0530 (India Standard Time)
GET / at time 17:21:32 GMT+0530 (India Standard Time)
GET / at time 17:22:52 GMT+0530 (India Standard Time)
GET / at time 17:43:08 GMT+0530 (India Standard Time)
GET /bootstrap-5.1.3-dist/css/bootstrap.min.css at time 17:43:08 GMT+0530 (India Standard Time)
GET / at time 17:43:09 GMT+0530 (India Standard Time)
GET /bootstrap-5.1.3-dist/css/bootstrap.min.css at time 17:43:09 GMT+0530 (India Standard Time)
GET / at time 17:43:10 GMT+0530 (India Standard Time)
GET /bootstrap-5.1.3-dist/css/bootstrap.min.css at time 17:43:10 GMT+0530 (India Standard Time)
GET /bootstrap-5.1.3-dist/css/bootstrap.min.css at time 17:44:25 GMT+0530 (India Standard Time)
GET / at time 17:51:55 GMT+0530 (India Standard Time)
GET /bootstrap-5.1.3-dist/css/bootstrap.min.css at time 17:51:55 GMT+0530 (India Standard Time)
PUT /users/61dd783c71edfe182326452c at time 00:16:02 GMT+0530 (India Standard Time)
GET /users at time 00:17:13 GMT+0530 (India Standard Time)
GET /users/61df1800b18780eef05bc7f8 at time 00:18:11 GMT+0530 (India Standard Time)
PUT /users/61df1800b18780eef05bc7f8 at time 00:18:32 GMT+0530 (India Standard Time)
GET /users/61df1800b18780eef05bc7f8ewrwr at time 00:19:26 GMT+0530 (India Standard Time)
GET /users/61df1800b18780eef05bc7g3 at time 00:19:39 GMT+0530 (India Standard Time)
POST /users at time 00:20:39 GMT+0530 (India Standard Time)
GET /users at time 00:30:56 GMT+0530 (India Standard Time)
GET /users/61df1800b18780eef05bc7f8 at time 00:31:42 GMT+0530 (India Standard Time)
GET /users at time 00:31:50 GMT+0530 (India Standard Time)
GET /users/61df173ab18780eef05bc7f5 at time 00:32:02 GMT+0530 (India Standard Time)
GET /users/61df173ab18780eef05bc7f5dasdasd at time 00:33:26 GMT+0530 (India Standard Time)
GET /users/61df173ab18780eef05bc7g3 at time 00:34:21 GMT+0530 (India Standard Time)
GET /users/61df173ab18780eef05bc7g3 at time 00:35:53 GMT+0530 (India Standard Time)
GET /users/61df173ab18780eef05bc7h9 at time 00:36:06 GMT+0530 (India Standard Time)
GET /users/61df173ab18780eef05bc7h9 at time 00:49:17 GMT+0530 (India Standard Time)
GET /users/61df173ab18780eef05bc7h9 at time 00:49:20 GMT+0530 (India Standard Time)
GET /products/61dd7711cbf3176114766adb at time 00:50:25 GMT+0530 (India Standard Time)
GET /users/61dd7711cbf3176114766adb at time 00:50:58 GMT+0530 (India Standard Time)
GET /users/61dd7711cbf3176114766 at time 00:51:12 GMT+0530 (India Standard Time)
GET /users/61dd7711cbf3176114766a at time 00:51:25 GMT+0530 (India Standard Time)
GET /users/61dd7711cbf3176114766adb at time 00:51:31 GMT+0530 (India Standard Time)
GET /users at time 00:51:55 GMT+0530 (India Standard Time)
POST /users/61df1800b18780eef05bc7f8 at time 00:52:31 GMT+0530 (India Standard Time)
GET /users at time 01:06:52 GMT+0530 (India Standard Time)
PUT /users/_id:61df1800b18780eef05bc7f8 at time 01:07:16 GMT+0530 (India Standard Time)
PUT /users/_id:61df1800b18780eef05bc7fg4 at time 01:07:40 GMT+0530 (India Standard Time)
PUT /users/_id:61df1800b18780eef05bc7fg4sdasd at time 01:07:47 GMT+0530 (India Standard Time)
PUT /users//users/61dd7711cbf3176114766adb at time 09:17:28 GMT+0530 (India Standard Time)
GET /users/61dd7711cbf3176114766adbsds at time 09:27:00 GMT+0530 (India Standard Time)
GET /users/61dd7711cbf3176114766adb at time 09:27:06 GMT+0530 (India Standard Time)
GET /users/61dd7711cbf3176114766adbvvxv at time 09:27:13 GMT+0530 (India Standard Time)
GET /users/61dd7711cbf3176114766adb at time 09:27:20 GMT+0530 (India Standard Time)
GET /users at time 09:27:37 GMT+0530 (India Standard Time)
POST /users/61df1800b18780eef05bc7f8 at time 09:27:52 GMT+0530 (India Standard Time)
POST /users/61df1800b18780eef05bc7f8fsfa at time 09:28:51 GMT+0530 (India Standard Time)
POST /users/61df1800b18780eef05bc7f8fsfa at time 09:28:53 GMT+0530 (India Standard Time)
PUT /users/61df1800b18780eef05bc7f8 at time 09:29:05 GMT+0530 (India Standard Time)
DELETE /users/61df1800b18780eef05bc7f8dasdas at time 09:29:52 GMT+0530 (India Standard Time)
GET /users/61df1800b18780eef05bc7f8dasdas at time 09:30:21 GMT+0530 (India Standard Time)
GET /users/61df1800b18780eef05bc7h5 at time 09:30:31 GMT+0530 (India Standard Time)
GET /users/61df1800b18780eef05bc7f8ddgs at time 09:30:39 GMT+0530 (India Standard Time)
POST /users at time 09:41:32 GMT+0530 (India Standard Time)
GET /users at time 09:41:36 GMT+0530 (India Standard Time)
GET /users/61df1800b18780eef05bc7f8 at time 09:42:45 GMT+0530 (India Standard Time)
GET /users/61df1800b18780eef05bc7f8 at time 09:43:30 GMT+0530 (India Standard Time)
POST /users at time 09:46:32 GMT+0530 (India Standard Time)
POST /users at time 09:47:41 GMT+0530 (India Standard Time)
GET /users at time 09:47:44 GMT+0530 (India Standard Time)
POST /users at time 09:48:22 GMT+0530 (India Standard Time)
GET /users at time 09:55:24 GMT+0530 (India Standard Time)
PUT /users at time 09:56:30 GMT+0530 (India Standard Time)
GET /users at time 09:57:00 GMT+0530 (India Standard Time)
GET /users/61df1800b18780eef05bc7f8 at time 09:57:08 GMT+0530 (India Standard Time)
PUT /users/61df1800b18780eef05bc7f8 at time 09:57:23 GMT+0530 (India Standard Time)
GET /users/61df1800b18780eef05bc7f8 at time 09:58:56 GMT+0530 (India Standard Time)
GET /users/61df1800b18780eef05bc7f8 at time 09:58:59 GMT+0530 (India Standard Time)
POST /users/61df1800b18780eef05bc7f8 at time 09:59:25 GMT+0530 (India Standard Time)
GET /users/61df1800b18780eef05bc7f8 at time 09:59:32 GMT+0530 (India Standard Time)
GET /users/61df1800b18780eef05bc7f8 at time 09:59:46 GMT+0530 (India Standard Time)
GET /users/61df1800b18780eef05bc7f8 at time 09:59:48 GMT+0530 (India Standard Time)
GET /users/61df1800b18780eef05bc7f8 at time 09:59:50 GMT+0530 (India Standard Time)
POST /users/61df1800b18780eef05bc7f8 at time 10:00:12 GMT+0530 (India Standard Time)
GET /users/61df1800b18780eef05bc7f8 at time 10:00:18 GMT+0530 (India Standard Time)
POST /users/61df1800b18780eef05bc7f8 at time 10:00:42 GMT+0530 (India Standard Time)
GET /users/61df1800b18780eef05bc7f8 at time 10:00:49 GMT+0530 (India Standard Time)
GET /users/61df1800b18780eef05bc7f8 at time 10:01:04 GMT+0530 (India Standard Time)
GET /users/61df1800b18780eef05bc7f8 at time 10:01:06 GMT+0530 (India Standard Time)
GET /users/61df1800b18780eef05bc7f8 at time 10:01:11 GMT+0530 (India Standard Time)
GET /users/61df1800b18780eef05bc7f8 at time 10:01:12 GMT+0530 (India Standard Time)
POST /users/61df1800b18780eef05bc7f8 at time 10:01:18 GMT+0530 (India Standard Time)
GET /users/61df1800b18780eef05bc7f8 at time 10:02:03 GMT+0530 (India Standard Time)
POST /users/61df1800b18780eef05bc7f8 at time 10:02:29 GMT+0530 (India Standard Time)
GET /users/ at time 10:04:51 GMT+0530 (India Standard Time)
GET /users at time 10:04:56 GMT+0530 (India Standard Time)
GET /users at time 10:04:59 GMT+0530 (India Standard Time)
GET /users at time 10:05:30 GMT+0530 (India Standard Time)
GET /users at time 10:05:43 GMT+0530 (India Standard Time)
POST /users at time 10:06:44 GMT+0530 (India Standard Time)
GET /users at time 10:06:53 GMT+0530 (India Standard Time)
POST /users at time 10:07:42 GMT+0530 (India Standard Time)
POST /users at time 10:07:52 GMT+0530 (India Standard Time)
PUT /users/61e0fe20f5787f8591f82f69 at time 10:08:23 GMT+0530 (India Standard Time)
GET /page/products at time 10:24:44 GMT+0530 (India Standard Time)
GET /bootstrap-5.1.3-dist/css/bootstrap.min.css at time 10:24:44 GMT+0530 (India Standard Time)
GET /page/bootstrap-5.1.3-dist/js/bootstrap.min.js at time 10:24:44 GMT+0530 (India Standard Time)
GET /favicon.ico at time 10:24:44 GMT+0530 (India Standard Time)
GET / at time 10:45:17 GMT+0530 (India Standard Time)
GET /bootstrap-5.1.3-dist/css/bootstrap.min.css at time 10:45:17 GMT+0530 (India Standard Time)
GET /bootstrap-5.1.3-dist/js/bootstrap.min.js at time 10:45:17 GMT+0530 (India Standard Time)
GET /products at time 11:04:52 GMT+0530 (India Standard Time)
GET /page/products at time 11:12:06 GMT+0530 (India Standard Time)
GET /pages/products at time 11:12:20 GMT+0530 (India Standard Time)
GET /page/products at time 11:13:11 GMT+0530 (India Standard Time)
GET /page/products at time 11:19:18 GMT+0530 (India Standard Time)
GET /page/products at time 11:19:19 GMT+0530 (India Standard Time)
GET /page/products at time 11:19:49 GMT+0530 (India Standard Time)
GET /page/products at time 11:19:50 GMT+0530 (India Standard Time)
GET /page/products at time 11:20:42 GMT+0530 (India Standard Time)
GET /page/products at time 11:20:43 GMT+0530 (India Standard Time)
GET /page/products at time 11:20:43 GMT+0530 (India Standard Time)
GET /page/products at time 11:20:44 GMT+0530 (India Standard Time)
GET /page/products at time 11:20:44 GMT+0530 (India Standard Time)
GET /page/products at time 11:20:44 GMT+0530 (India Standard Time)
GET /page/products at time 11:20:45 GMT+0530 (India Standard Time)
GET /page/products at time 11:21:33 GMT+0530 (India Standard Time)
GET /products at time 11:22:04 GMT+0530 (India Standard Time)
GET /page/products at time 11:22:15 GMT+0530 (India Standard Time)
GET /page/products at time 11:24:02 GMT+0530 (India Standard Time)
GET /page/products at time 11:27:29 GMT+0530 (India Standard Time)
GET /page/products at time 11:27:30 GMT+0530 (India Standard Time)
GET /page/products at time 11:27:45 GMT+0530 (India Standard Time)
GET /page/products at time 11:27:46 GMT+0530 (India Standard Time)
GET /page/products at time 11:28:30 GMT+0530 (India Standard Time)
GET /page/products at time 11:28:31 GMT+0530 (India Standard Time)
GET /page/products at time 11:28:31 GMT+0530 (India Standard Time)
GET /page/products at time 11:30:12 GMT+0530 (India Standard Time)
GET /bootstrap-5.1.3-dist/css/bootstrap.min.css at time 11:30:12 GMT+0530 (India Standard Time)
GET /page/bootstrap-5.1.3-dist/js/bootstrap.min.js at time 11:30:12 GMT+0530 (India Standard Time)
GET /page/products at time 11:39:16 GMT+0530 (India Standard Time)
GET /bootstrap-5.1.3-dist/css/bootstrap.min.css at time 11:39:16 GMT+0530 (India Standard Time)
GET /page/bootstrap-5.1.3-dist/js/bootstrap.min.js at time 11:39:16 GMT+0530 (India Standard Time)
GET /page/products at time 11:39:18 GMT+0530 (India Standard Time)
GET /bootstrap-5.1.3-dist/css/bootstrap.min.css at time 11:39:18 GMT+0530 (India Standard Time)
GET /page/bootstrap-5.1.3-dist/js/bootstrap.min.js at time 11:39:18 GMT+0530 (India Standard Time)
GET / at time 11:39:19 GMT+0530 (India Standard Time)
GET /bootstrap-5.1.3-dist/css/bootstrap.min.css at time 11:39:19 GMT+0530 (India Standard Time)
GET /bootstrap-5.1.3-dist/js/bootstrap.min.js at time 11:39:19 GMT+0530 (India Standard Time)
GET /page/products at time 11:39:20 GMT+0530 (India Standard Time)
GET /bootstrap-5.1.3-dist/css/bootstrap.min.css at time 11:39:21 GMT+0530 (India Standard Time)
GET /page/bootstrap-5.1.3-dist/js/bootstrap.min.js at time 11:39:21 GMT+0530 (India Standard Time)
GET /page/products at time 11:39:22 GMT+0530 (India Standard Time)
GET /bootstrap-5.1.3-dist/css/bootstrap.min.css at time 11:39:22 GMT+0530 (India Standard Time)
GET /page/bootstrap-5.1.3-dist/js/bootstrap.min.js at time 11:39:22 GMT+0530 (India Standard Time)
GET / at time 11:39:23 GMT+0530 (India Standard Time)
GET /bootstrap-5.1.3-dist/css/bootstrap.min.css at time 11:39:23 GMT+0530 (India Standard Time)
GET /bootstrap-5.1.3-dist/js/bootstrap.min.js at time 11:39:23 GMT+0530 (India Standard Time)
GET /page/products at time 11:39:24 GMT+0530 (India Standard Time)
GET /bootstrap-5.1.3-dist/css/bootstrap.min.css at time 11:39:24 GMT+0530 (India Standard Time)
GET /page/bootstrap-5.1.3-dist/js/bootstrap.min.js at time 11:39:24 GMT+0530 (India Standard Time)
GET /page/products at time 11:39:34 GMT+0530 (India Standard Time)
GET /bootstrap-5.1.3-dist/css/bootstrap.min.css at time 11:39:35 GMT+0530 (India Standard Time)
GET /page/bootstrap-5.1.3-dist/js/bootstrap.min.js at time 11:39:35 GMT+0530 (India Standard Time)
GET / at time 11:39:36 GMT+0530 (India Standard Time)
GET /bootstrap-5.1.3-dist/css/bootstrap.min.css at time 11:39:36 GMT+0530 (India Standard Time)
GET /bootstrap-5.1.3-dist/js/bootstrap.min.js at time 11:39:36 GMT+0530 (India Standard Time)
GET /page/products at time 11:39:37 GMT+0530 (India Standard Time)
GET /bootstrap-5.1.3-dist/css/bootstrap.min.css at time 11:39:37 GMT+0530 (India Standard Time)
GET /page/bootstrap-5.1.3-dist/js/bootstrap.min.js at time 11:39:37 GMT+0530 (India Standard Time)
GET /page/products at time 11:59:42 GMT+0530 (India Standard Time)
GET /bootstrap-5.1.3-dist/css/bootstrap.min.css at time 11:59:42 GMT+0530 (India Standard Time)
GET /page/bootstrap-5.1.3-dist/js/bootstrap.min.js at time 11:59:42 GMT+0530 (India Standard Time)
GET /page/products at time 11:59:42 GMT+0530 (India Standard Time)
GET /bootstrap-5.1.3-dist/css/bootstrap.min.css at time 11:59:42 GMT+0530 (India Standard Time)
GET /page/bootstrap-5.1.3-dist/js/bootstrap.min.js at time 11:59:42 GMT+0530 (India Standard Time)
GET / at time 11:59:43 GMT+0530 (India Standard Time)
GET /bootstrap-5.1.3-dist/css/bootstrap.min.css at time 11:59:43 GMT+0530 (India Standard Time)
GET /bootstrap-5.1.3-dist/js/bootstrap.min.js at time 11:59:43 GMT+0530 (India Standard Time)
GET /page/products at time 11:59:44 GMT+0530 (India Standard Time)
GET /bootstrap-5.1.3-dist/css/bootstrap.min.css at time 11:59:44 GMT+0530 (India Standard Time)
GET /page/bootstrap-5.1.3-dist/js/bootstrap.min.js at time 11:59:44 GMT+0530 (India Standard Time)
GET /products at time 12:17:05 GMT+0530 (India Standard Time)
GET /users/61e0fe20f5787f8591f82f69 at time 12:57:09 GMT+0530 (India Standard Time)
POST /users/61e0fe20f5787f8591f82f69/reviews at time 13:05:26 GMT+0530 (India Standard Time)
POST /users/61e0fe20f5787f8591f82f69/reviews at time 13:05:57 GMT+0530 (India Standard Time)
GET /products at time 13:08:31 GMT+0530 (India Standard Time)
GET /users at time 13:08:47 GMT+0530 (India Standard Time)
POST /users/61df1800b18780eef05bc7f8/reviews at time 13:09:19 GMT+0530 (India Standard Time)
POST /users/61df1800b18780eef05bc7f8/reviews at time 13:09:34 GMT+0530 (India Standard Time)
POST /users/61df1800b18780eef05bc7f8 at time 13:09:45 GMT+0530 (India Standard Time)
GET /users/61df1800b18780eef05bc7f8 at time 13:09:51 GMT+0530 (India Standard Time)
POST /users/61df1800b18780eef05bc7f8/reviews at time 13:10:09 GMT+0530 (India Standard Time)
POST /users/61df1800b18780eef05bc7f8/reviews at time 13:10:44 GMT+0530 (India Standard Time)
GET /users/61df1800b18780eef05bc7f8 at time 13:10:54 GMT+0530 (India Standard Time)
POST /users/61df1800b18780eef05bc7f8/reviews at time 13:11:09 GMT+0530 (India Standard Time)
POST /products/61df1800b18780eef05bc7f8/reviews at time 13:12:42 GMT+0530 (India Standard Time)
GET /products at time 13:12:51 GMT+0530 (India Standard Time)
POST /products/61dd783c71edfe182326452d/reviews at time 13:13:13 GMT+0530 (India Standard Time)
GET /products at time 14:38:18 GMT+0530 (India Standard Time)
GET /users at time 14:38:23 GMT+0530 (India Standard Time)
GET /users at time 14:39:03 GMT+0530 (India Standard Time)
GET /users/reviews at time 15:00:43 GMT+0530 (India Standard Time)
GET /products/reviews at time 15:00:54 GMT+0530 (India Standard Time)
GET /products/reviews at time 15:00:57 GMT+0530 (India Standard Time)
GET /products/reviews at time 15:01:00 GMT+0530 (India Standard Time)
GET /products/reviews at time 15:02:05 GMT+0530 (India Standard Time)
GET /products/reviews at time 15:02:05 GMT+0530 (India Standard Time)
GET /products/reviews at time 15:02:06 GMT+0530 (India Standard Time)
GET /products/reviews at time 15:02:06 GMT+0530 (India Standard Time)
GET /products/reviews at time 15:02:06 GMT+0530 (India Standard Time)
GET /products/reviews at time 15:02:07 GMT+0530 (India Standard Time)
GET /products/reviews at time 15:02:07 GMT+0530 (India Standard Time)
GET /products/reviews at time 15:02:08 GMT+0530 (India Standard Time)
GET /products/reviews at time 15:02:08 GMT+0530 (India Standard Time)
GET /users/reviews at time 15:02:19 GMT+0530 (India Standard Time)
GET /products/reviews/61df1800b18780eef05bc7f8 at time 15:02:51 GMT+0530 (India Standard Time)
GET /products/reviews at time 15:05:52 GMT+0530 (India Standard Time)
GET /products at time 15:05:58 GMT+0530 (India Standard Time)
POST /users at time 15:39:00 GMT+0530 (India Standard Time)
GET /users at time 15:39:06 GMT+0530 (India Standard Time)
POST /auth/login at time 15:40:36 GMT+0530 (India Standard Time)
POST /auth/login at time 16:06:44 GMT+0530 (India Standard Time)
POST /auth/login at time 16:27:11 GMT+0530 (India Standard Time)
POST /auth/login at time 16:30:14 GMT+0530 (India Standard Time)
GET /auth/login at time 16:35:03 GMT+0530 (India Standard Time)
GET /auth at time 16:35:10 GMT+0530 (India Standard Time)
GET /users at time 16:35:15 GMT+0530 (India Standard Time)
GET /users at time 16:40:52 GMT+0530 (India Standard Time)
GET /users at time 16:44:03 GMT+0530 (India Standard Time)
GET /users at time 16:47:08 GMT+0530 (India Standard Time)
GET /users at time 17:08:10 GMT+0530 (India Standard Time)
GET /users at time 17:20:09 GMT+0530 (India Standard Time)
GET /users at time 17:20:18 GMT+0530 (India Standard Time)
GET /users at time 17:21:00 GMT+0530 (India Standard Time)
GET /users at time 17:26:12 GMT+0530 (India Standard Time)
GET /users at time 17:26:27 GMT+0530 (India Standard Time)
GET /users at time 17:26:45 GMT+0530 (India Standard Time)
GET /users at time 17:26:56 GMT+0530 (India Standard Time)
GET /users at time 17:27:58 GMT+0530 (India Standard Time)
GET /users at time 17:28:40 GMT+0530 (India Standard Time)
GET /users at time 17:32:42 GMT+0530 (India Standard Time)
POST /users at time 17:33:38 GMT+0530 (India Standard Time)
